C51 COMPILER V9.59.0.0   PWM_INTERRUPT                                                     06/15/2026 22:22:49 PAGE 1   


C51 COMPILER V9.59.0.0, COMPILATION OF MODULE PWM_INTERRUPT
OBJECT MODULE PLACED IN .\Objects\Pwm_Interrupt.obj
COMPILER INVOKED BY: C:\Keil_v5\C51\BIN\C51.EXE Pwm_Interrupt.c OPTIMIZE(8,SPEED) BROWSE DEBUG OBJECTEXTEND PRINT(.\List
                    -ings\Pwm_Interrupt.lst) TABS(2) OBJECT(.\Objects\Pwm_Interrupt.obj)

line level    source

   1          #include<reg51.h>
   2          void timer_delay(int);
   3          void delay(int);
   4          sbit IN1=P0^0;
   5          sbit IN2=P0^1;
   6          sbit En=P0^2;// PWM
   7          char count=0;
   8          // bit flag=0;
   9          void ISR_Speed(void)interrupt 0
  10          {
  11   1          if(count<5)
  12   1          count++;
  13   1          if(count==5)
  14   1           count=1;
  15   1      }
  16          void ISR_Direct(void)interrupt 2
  17          {
  18   1        IN1=~IN1;
  19   1        IN2=~IN2;
  20   1      }
  21          void main()
  22          {
  23   1        TMOD=0x01;
  24   1        IN1=0;
  25   1        IN2=1;
  26   1        EA=1;
  27   1        EX0=1;
  28   1        EX1=1;
  29   1        IT0=1;
  30   1        IT1=1;
  31   1        while(1)
  32   1        {
  33   2          if(count==1)//25% delay
  34   2          {
  35   3            P1=0x01;
  36   3            En=1;
  37   3            timer_delay(1);//5ms
  38   3            En=0;
  39   3            timer_delay(3);//15ms
  40   3          }
  41   2          else if(count==2)//50% delay
  42   2          { 
  43   3            P1=0x02;
  44   3            En=1;
  45   3            timer_delay(2);//10ms
  46   3            En=0;
  47   3            timer_delay(2);//10ms
  48   3          }
  49   2          else if(count==3)//75% delay
  50   2          { 
  51   3            P1=0x04;
  52   3            En=1;
  53   3            timer_delay(3);//15ms
  54   3            En=0;
C51 COMPILER V9.59.0.0   PWM_INTERRUPT                                                     06/15/2026 22:22:49 PAGE 2   

  55   3            timer_delay(1);//5ms
  56   3          }
  57   2          else if(count==4)
  58   2          {
  59   3            P1=0x08;
  60   3            En=1;
  61   3          }
  62   2        }
  63   1      }
  64          
  65          void timer_delay(int time)
  66          {
  67   1        char i;
  68   1        for(i=0; i<time; i++)
  69   1        TH0=0xEE;//Load
  70   1        TL0=0x00;//Load
  71   1        TR0=1;  //start Timer 0
  72   1        while(TF0==0);
  73   1        TR0=0;
  74   1        TF0=0;
  75   1      }
  76          void delay(int time)
  77          {
  78   1        int i,j;
  79   1        for(i=0; i<time; i++)
  80   1          for(j=0; j<1000; j++);
  81   1      }


MODULE INFORMATION:   STATIC OVERLAYABLE
   CODE SIZE        =    271    ----
   CONSTANT SIZE    =   ----    ----
   XDATA SIZE       =   ----    ----
   PDATA SIZE       =   ----    ----
   DATA SIZE        =      1    ----
   IDATA SIZE       =   ----    ----
   BIT SIZE         =   ----    ----
END OF MODULE INFORMATION.


C51 COMPILATION COMPLETE.  0 WARNING(S),  0 ERROR(S)
